---------------------PREP--------------------- 
---------------------DOXY--------------------- 
Searching for include files...
Searching for example files...
Searching for images...
Searching for dot files...
Searching for msc files...
Searching for files to exclude
Searching for files to process...
Searching for files in directory C:/Users/Crash/Desktop/Programming/GG2
Reading and parsing tag files
Preprocessing C:/Users/Crash/Desktop/Programming/GG2/common.cpp...
Parsing file C:/Users/Crash/Desktop/Programming/GG2/common.cpp...
Preprocessing C:/Users/Crash/Desktop/Programming/GG2/common.h...
Parsing file C:/Users/Crash/Desktop/Programming/GG2/common.h...
Preprocessing C:/Users/Crash/Desktop/Programming/GG2/drawing.cpp...
Parsing file C:/Users/Crash/Desktop/Programming/GG2/drawing.cpp...
Preprocessing C:/Users/Crash/Desktop/Programming/GG2/drawing.h...
Parsing file C:/Users/Crash/Desktop/Programming/GG2/drawing.h...
Preprocessing C:/Users/Crash/Desktop/Programming/GG2/drawing_D3D.cpp...
Parsing file C:/Users/Crash/Desktop/Programming/GG2/drawing_D3D.cpp...
Preprocessing C:/Users/Crash/Desktop/Programming/GG2/drawing_D3D.h...
Parsing file C:/Users/Crash/Desktop/Programming/GG2/drawing_D3D.h...
Preprocessing C:/Users/Crash/Desktop/Programming/GG2/drawing_SDL.cpp...
Parsing file C:/Users/Crash/Desktop/Programming/GG2/drawing_SDL.cpp...
Preprocessing C:/Users/Crash/Desktop/Programming/GG2/drawing_SDL.h...
Parsing file C:/Users/Crash/Desktop/Programming/GG2/drawing_SDL.h...
Preprocessing C:/Users/Crash/Desktop/Programming/GG2/Equipment.cpp...
Parsing file C:/Users/Crash/Desktop/Programming/GG2/Equipment.cpp...
Preprocessing C:/Users/Crash/Desktop/Programming/GG2/Equipment.h...
Parsing file C:/Users/Crash/Desktop/Programming/GG2/Equipment.h...
Preprocessing C:/Users/Crash/Desktop/Programming/GG2/factions.cpp...
Parsing file C:/Users/Crash/Desktop/Programming/GG2/factions.cpp...
Preprocessing C:/Users/Crash/Desktop/Programming/GG2/factions.h...
Parsing file C:/Users/Crash/Desktop/Programming/GG2/factions.h...
Preprocessing C:/Users/Crash/Desktop/Programming/GG2/game.cpp...
Parsing file C:/Users/Crash/Desktop/Programming/GG2/game.cpp...
Preprocessing C:/Users/Crash/Desktop/Programming/GG2/game.h...
Parsing file C:/Users/Crash/Desktop/Programming/GG2/game.h...
Preprocessing C:/Users/Crash/Desktop/Programming/GG2/gamestrings.cpp...
Parsing file C:/Users/Crash/Desktop/Programming/GG2/gamestrings.cpp...
Preprocessing C:/Users/Crash/Desktop/Programming/GG2/gamestrings.h...
Parsing file C:/Users/Crash/Desktop/Programming/GG2/gamestrings.h...
Preprocessing C:/Users/Crash/Desktop/Programming/GG2/input.cpp...
Parsing file C:/Users/Crash/Desktop/Programming/GG2/input.cpp...
Preprocessing C:/Users/Crash/Desktop/Programming/GG2/input.h...
Parsing file C:/Users/Crash/Desktop/Programming/GG2/input.h...
Preprocessing C:/Users/Crash/Desktop/Programming/GG2/input_directinput.cpp...
Parsing file C:/Users/Crash/Desktop/Programming/GG2/input_directinput.cpp...
Preprocessing C:/Users/Crash/Desktop/Programming/GG2/input_directinput.h...
Parsing file C:/Users/Crash/Desktop/Programming/GG2/input_directinput.h...
Preprocessing C:/Users/Crash/Desktop/Programming/GG2/input_SDL.cpp...
Parsing file C:/Users/Crash/Desktop/Programming/GG2/input_SDL.cpp...
Preprocessing C:/Users/Crash/Desktop/Programming/GG2/input_SDL.h...
Parsing file C:/Users/Crash/Desktop/Programming/GG2/input_SDL.h...
Preprocessing C:/Users/Crash/Desktop/Programming/GG2/main.cpp...
Parsing file C:/Users/Crash/Desktop/Programming/GG2/main.cpp...
Preprocessing C:/Users/Crash/Desktop/Programming/GG2/object_sets.h...
Parsing file C:/Users/Crash/Desktop/Programming/GG2/object_sets.h...
Preprocessing C:/Users/Crash/Desktop/Programming/GG2/ObjectContainer.cpp...
Parsing file C:/Users/Crash/Desktop/Programming/GG2/ObjectContainer.cpp...
Preprocessing C:/Users/Crash/Desktop/Programming/GG2/ObjectContainer.h...
Parsing file C:/Users/Crash/Desktop/Programming/GG2/ObjectContainer.h...
Preprocessing C:/Users/Crash/Desktop/Programming/GG2/objects.cpp...
Parsing file C:/Users/Crash/Desktop/Programming/GG2/objects.cpp...
Preprocessing C:/Users/Crash/Desktop/Programming/GG2/objects.h...
Parsing file C:/Users/Crash/Desktop/Programming/GG2/objects.h...
Preprocessing C:/Users/Crash/Desktop/Programming/GG2/objects_All.h...
Parsing file C:/Users/Crash/Desktop/Programming/GG2/objects_All.h...
Preprocessing C:/Users/Crash/Desktop/Programming/GG2/objects_Debris.cpp...
Parsing file C:/Users/Crash/Desktop/Programming/GG2/objects_Debris.cpp...
Preprocessing C:/Users/Crash/Desktop/Programming/GG2/objects_Debris.h...
Parsing file C:/Users/Crash/Desktop/Programming/GG2/objects_Debris.h...
Preprocessing C:/Users/Crash/Desktop/Programming/GG2/objects_Explosion.cpp...
Parsing file C:/Users/Crash/Desktop/Programming/GG2/objects_Explosion.cpp...
Preprocessing C:/Users/Crash/Desktop/Programming/GG2/objects_Explosion.h...
Parsing file C:/Users/Crash/Desktop/Programming/GG2/objects_Explosion.h...
Preprocessing C:/Users/Crash/Desktop/Programming/GG2/objects_NPCShip.cpp...
Parsing file C:/Users/Crash/Desktop/Programming/GG2/objects_NPCShip.cpp...
Preprocessing C:/Users/Crash/Desktop/Programming/GG2/objects_NPCShip.h...
Parsing file C:/Users/Crash/Desktop/Programming/GG2/objects_NPCShip.h...
Preprocessing C:/Users/Crash/Desktop/Programming/GG2/objects_Physical.cpp...
Parsing file C:/Users/Crash/Desktop/Programming/GG2/objects_Physical.cpp...
Preprocessing C:/Users/Crash/Desktop/Programming/GG2/objects_Physical.h...
Parsing file C:/Users/Crash/Desktop/Programming/GG2/objects_Physical.h...
Preprocessing C:/Users/Crash/Desktop/Programming/GG2/objects_PlayerShip.cpp...
Parsing file C:/Users/Crash/Desktop/Programming/GG2/objects_PlayerShip.cpp...
Preprocessing C:/Users/Crash/Desktop/Programming/GG2/objects_PlayerShip.h...
Parsing file C:/Users/Crash/Desktop/Programming/GG2/objects_PlayerShip.h...
Preprocessing C:/Users/Crash/Desktop/Programming/GG2/objects_Projectile.cpp...
Parsing file C:/Users/Crash/Desktop/Programming/GG2/objects_Projectile.cpp...
Preprocessing C:/Users/Crash/Desktop/Programming/GG2/objects_Projectile.h...
Parsing file C:/Users/Crash/Desktop/Programming/GG2/objects_Projectile.h...
Preprocessing C:/Users/Crash/Desktop/Programming/GG2/objects_Scenery.cpp...
Parsing file C:/Users/Crash/Desktop/Programming/GG2/objects_Scenery.cpp...
Preprocessing C:/Users/Crash/Desktop/Programming/GG2/objects_Scenery.h...
Parsing file C:/Users/Crash/Desktop/Programming/GG2/objects_Scenery.h...
Preprocessing C:/Users/Crash/Desktop/Programming/GG2/objects_Ship.cpp...
Parsing file C:/Users/Crash/Desktop/Programming/GG2/objects_Ship.cpp...
Preprocessing C:/Users/Crash/Desktop/Programming/GG2/objects_Ship.h...
Parsing file C:/Users/Crash/Desktop/Programming/GG2/objects_Ship.h...
Preprocessing C:/Users/Crash/Desktop/Programming/GG2/sound.cpp...
Parsing file C:/Users/Crash/Desktop/Programming/GG2/sound.cpp...
Preprocessing C:/Users/Crash/Desktop/Programming/GG2/sound.h...
Parsing file C:/Users/Crash/Desktop/Programming/GG2/sound.h...
Preprocessing C:/Users/Crash/Desktop/Programming/GG2/system.cpp...
Parsing file C:/Users/Crash/Desktop/Programming/GG2/system.cpp...
Preprocessing C:/Users/Crash/Desktop/Programming/GG2/system.h...
Parsing file C:/Users/Crash/Desktop/Programming/GG2/system.h...
Preprocessing C:/Users/Crash/Desktop/Programming/GG2/system_SDL.cpp...
Parsing file C:/Users/Crash/Desktop/Programming/GG2/system_SDL.cpp...
Preprocessing C:/Users/Crash/Desktop/Programming/GG2/system_SDL.h...
Parsing file C:/Users/Crash/Desktop/Programming/GG2/system_SDL.h...
Preprocessing C:/Users/Crash/Desktop/Programming/GG2/system_windows.cpp...
Parsing file C:/Users/Crash/Desktop/Programming/GG2/system_windows.cpp...
Preprocessing C:/Users/Crash/Desktop/Programming/GG2/system_windows.h...
Parsing file C:/Users/Crash/Desktop/Programming/GG2/system_windows.h...
Preprocessing C:/Users/Crash/Desktop/Programming/GG2/UI.cpp...
Parsing file C:/Users/Crash/Desktop/Programming/GG2/UI.cpp...
Preprocessing C:/Users/Crash/Desktop/Programming/GG2/UI.h...
Parsing file C:/Users/Crash/Desktop/Programming/GG2/UI.h...
Building group list...
Building directory list...
Building namespace list...
Building file list...
Building class list...
Associating documentation with classes...
Computing nesting relations for classes...
Building example list...
Searching for enumerations...
Searching for documented typedefs...
Searching for members imported via using declarations...
Searching for included using directives...
Searching for documented variables...
Building member list...
Searching for friends...
Searching for documented defines...
Computing class inheritance relations...
Computing class usage relations...
Flushing cached template relations that have become invalid...
Creating members for template instances...
Computing class relations...
Add enum values to enums...
Searching for member function documentation...
Building page list...
Search for main page...
Computing page relations...
Determining the scope of groups...
Sorting lists...
Freeing entry tree
Determining which enums are documented
Computing member relations...
Building full member lists recursively...
Adding members to member groups.
Computing member references...
Inheriting documentation...
Generating disk names...
Adding source references...
Adding xrefitems...
Sorting member lists...
Computing dependencies between directories...
Generating citations page...
Counting data structures...
Resolving user defined references...
Finding anchors and sections in the documentation...
Combining using relations...
Adding members to index pages...
Generating style sheet...
Generating example documentation...
Generating file sources...
Parsing code for file common.cpp...
Parsing code for file common.h...
Parsing code for file drawing.cpp...
Parsing code for file drawing.h...
Parsing code for file drawing_D3D.cpp...
Parsing code for file drawing_D3D.h...
Parsing code for file drawing_SDL.cpp...
Parsing code for file drawing_SDL.h...
Parsing code for file Equipment.cpp...
Parsing code for file Equipment.h...
Parsing code for file factions.cpp...
Parsing code for file factions.h...
Parsing code for file game.cpp...
Parsing code for file game.h...
Parsing code for file gamestrings.cpp...
Parsing code for file gamestrings.h...
Parsing code for file input.cpp...
Parsing code for file input.h...
Parsing code for file input_directinput.cpp...
Parsing code for file input_directinput.h...
Parsing code for file input_SDL.cpp...
Parsing code for file input_SDL.h...
Parsing code for file main.cpp...
Parsing code for file object_sets.h...
Parsing code for file ObjectContainer.cpp...
Parsing code for file ObjectContainer.h...
Parsing code for file objects.cpp...
Parsing code for file objects.h...
Parsing code for file objects_All.h...
Parsing code for file objects_Debris.cpp...
Parsing code for file objects_Debris.h...
Parsing code for file objects_Explosion.cpp...
Parsing code for file objects_Explosion.h...
Parsing code for file objects_NPCShip.cpp...
Parsing code for file objects_NPCShip.h...
Parsing code for file objects_Physical.cpp...
Parsing code for file objects_Physical.h...
Parsing code for file objects_PlayerShip.cpp...
Parsing code for file objects_PlayerShip.h...
Parsing code for file objects_Projectile.cpp...
Parsing code for file objects_Projectile.h...
Parsing code for file objects_Scenery.cpp...
Parsing code for file objects_Scenery.h...
Parsing code for file objects_Ship.cpp...
Parsing code for file objects_Ship.h...
Parsing code for file sound.cpp...
Parsing code for file sound.h...
Parsing code for file system.cpp...
Parsing code for file system.h...
Parsing code for file system_SDL.cpp...
Parsing code for file system_SDL.h...
Parsing code for file system_windows.cpp...
Parsing code for file system_windows.h...
Parsing code for file UI.cpp...
Parsing code for file UI.h...
Generating file documentation...
Generating docs for file common.h...
Generating docs for file drawing.h...
Generating docs for file drawing_SDL.h...
Generating docs for file Equipment.h...
Generating docs for file factions.h...
Generating docs for file game.h...
Generating docs for file gamestrings.h...
Generating docs for file input.h...
Generating docs for file input_SDL.h...
Generating docs for file object_sets.h...
Generating docs for file ObjectContainer.h...
Generating docs for file objects.h...
Generating docs for file objects_All.h...
Generating docs for file objects_Debris.h...
Generating docs for file objects_Explosion.h...
Generating docs for file objects_NPCShip.h...
Generating docs for file objects_Physical.h...
Generating docs for file objects_PlayerShip.h...
Generating docs for file objects_Projectile.h...
Generating docs for file objects_Scenery.h...
Generating docs for file objects_Ship.h...
Generating docs for file sound.h...
Generating docs for file system.h...
Generating docs for file system_SDL.h...
Generating docs for file UI.h...
Generating page documentation...
Generating group documentation...
Generating class documentation...
Generating docs for compound Device...
Generating docs for compound Drawing_Info...
Generating docs for compound Engine...
Generating docs for compound Equipment...
Generating docs for compound fPOINT...
Generating docs for compound Generator...
Generating docs for compound Image_Info...
Generating docs for compound NPCShip...
Generating docs for compound ObjectStats...
Generating docs for compound PhysicalObject...
Generating docs for compound Projectile...
Generating docs for compound Range...
Generating docs for compound Reactor...
Generating docs for compound ReputationFilter...
Generating docs for compound SceneryObject...
Generating docs for compound Storage...
Generating docs for compound Weapon...
Generating namespace index...
Generating graph info page...
Generating directory documentation...
Generating index page...
Generating page index...
Generating module index...
Generating namespace index...
Generating namespace member index...
Generating annotated compound index...
Generating alphabetical compound index...
Generating hierarchical class index...
Generating graphical class hierarchy...
Generating member index...
Generating file index...
Generating file member index...
Generating example index...
finalizing index lists...
Generating dot graphs using 5 parallel threads...
Running dot for graph 1/78
Running dot for graph 2/78
Running dot for graph 3/78
Running dot for graph 4/78
Running dot for graph 5/78
Running dot for graph 6/78
Running dot for graph 7/78
Running dot for graph 8/78
Running dot for graph 9/78
Running dot for graph 10/78
Running dot for graph 11/78
Running dot for graph 12/78
Running dot for graph 13/78
Running dot for graph 14/78
Running dot for graph 15/78
Running dot for graph 16/78
Running dot for graph 17/78
Running dot for graph 18/78
Running dot for graph 19/78
Running dot for graph 20/78
Running dot for graph 21/78
Running dot for graph 22/78
Running dot for graph 23/78
Running dot for graph 24/78
Running dot for graph 25/78
Running dot for graph 26/78
Running dot for graph 27/78
Running dot for graph 28/78
Running dot for graph 29/78
Running dot for graph 30/78
Running dot for graph 31/78
Running dot for graph 32/78
Running dot for graph 33/78
Running dot for graph 34/78
Running dot for graph 35/78
Running dot for graph 36/78
Running dot for graph 37/78
Running dot for graph 38/78
Running dot for graph 39/78
Running dot for graph 40/78
Running dot for graph 41/78
Running dot for graph 42/78
Running dot for graph 43/78
Running dot for graph 44/78
Running dot for graph 45/78
Running dot for graph 46/78
Running dot for graph 47/78
Running dot for graph 48/78
Running dot for graph 49/78
Running dot for graph 50/78
Running dot for graph 51/78
Running dot for graph 52/78
Running dot for graph 53/78
Running dot for graph 54/78
Running dot for graph 55/78
Running dot for graph 56/78
Running dot for graph 57/78
Running dot for graph 58/78
Running dot for graph 59/78
Running dot for graph 60/78
Running dot for graph 61/78
Running dot for graph 62/78
Running dot for graph 63/78
Running dot for graph 64/78
Running dot for graph 65/78
Running dot for graph 66/78
Running dot for graph 67/78
Running dot for graph 68/78
Running dot for graph 69/78
Running dot for graph 70/78
Running dot for graph 71/78
Running dot for graph 72/78
Running dot for graph 73/78
Running dot for graph 74/78
Running dot for graph 75/78
Running dot for graph 76/78
Running dot for graph 77/78
Running dot for graph 78/78
Patching output file 1/38
Patching output file 2/38
Patching output file 3/38
Patching output file 4/38
Patching output file 5/38
Patching output file 6/38
Patching output file 7/38
Patching output file 8/38
Patching output file 9/38
Patching output file 10/38
Patching output file 11/38
Patching output file 12/38
Patching output file 13/38
Patching output file 14/38
Patching output file 15/38
Patching output file 16/38
Patching output file 17/38
Patching output file 18/38
Patching output file 19/38
Patching output file 20/38
Patching output file 21/38
Patching output file 22/38
Patching output file 23/38
Patching output file 24/38
Patching output file 25/38
Patching output file 26/38
Patching output file 27/38
Patching output file 28/38
Patching output file 29/38
Patching output file 30/38
Patching output file 31/38
Patching output file 32/38
Patching output file 33/38
Patching output file 34/38
Patching output file 35/38
Patching output file 36/38
Patching output file 37/38
Patching output file 38/38
symbol cache used 985/65536 hits=44066 misses=985
lookup cache used 2426/65536 hits=11172 misses=2471
finished...
---------------------CLEANUP------------------ 
---------------------CLEANUP3------------------ 
